<?xml version="1.0" encoding="UTF-8"?>
<!-- Generated by org.testng.reporters.JUnitXMLReporter -->
<testsuite hostname="DESKTOP-22KES7A" ignored="0" name="用户管理测试" tests="4" failures="0" timestamp="27 三月 2020 08:26:22 GMT" time="10.13" errors="0">
  <testcase name="loginTest" time="3.56" classname="cases.LoginTest"/>
  <testcase name="addUser" time="3.042" classname="cases.AddUserTest"/>
  <testcase name="getUserInfo" time="3.052" classname="cases.GetUserInfoTest"/>
  <testcase name="getUserList" time="0.093" classname="cases.GetUserListTest"/>
</testsuite> <!-- 用户管理测试 -->
